1549814154741	mozrunner::runner	INFO	Running command: "/usr/bin/firefox" "-marionette" "-foreground" "-no-remote" "-profile" "/tmp/rust_mozprofile.7YJ0fFj9HvZv"
1549814155087	addons.webextension.screenshots@mozilla.org	WARN	Loading extension 'screenshots@mozilla.org': Reading manifest: Invalid host permission: resource://pdf.js/
1549814155087	addons.webextension.screenshots@mozilla.org	WARN	Loading extension 'screenshots@mozilla.org': Reading manifest: Invalid host permission: about:reader*

(firefox:7267): Gtk-WARNING **: 16:55:55.390: Theme parsing error: <data>:1:34: Expected ')' in color definition

(firefox:7267): Gtk-WARNING **: 16:55:55.390: Theme parsing error: <data>:1:77: Expected ')' in color definition
1549814156484	Marionette	INFO	Listening on port 37163
1549814156546	Marionette	WARN	TLS certificate errors will be ignored for this session
1549814189210	mozrunner::runner	INFO	Running command: "/usr/bin/firefox" "-marionette" "-foreground" "-no-remote" "-profile" "/tmp/rust_mozprofile.mPJ2iqJndNU6"
1549814189525	addons.webextension.screenshots@mozilla.org	WARN	Loading extension 'screenshots@mozilla.org': Reading manifest: Invalid host permission: resource://pdf.js/
1549814189525	addons.webextension.screenshots@mozilla.org	WARN	Loading extension 'screenshots@mozilla.org': Reading manifest: Invalid host permission: about:reader*

(firefox:7721): Gtk-WARNING **: 16:56:29.804: Theme parsing error: <data>:1:34: Expected ')' in color definition

(firefox:7721): Gtk-WARNING **: 16:56:29.804: Theme parsing error: <data>:1:77: Expected ')' in color definition
1549814190947	Marionette	INFO	Listening on port 33525
1549814191016	Marionette	WARN	TLS certificate errors will be ignored for this session
1549814196252	Marionette	INFO	Stopped listening on port 33525
[Parent 7721, Gecko_IOThread] WARNING: pipe error (71): Connection reset by peer: file /build/firefox-HN7tk_/firefox-65.0+build2/ipc/chromium/src/chrome/common/ipc_channel_posix.cc, line 349
[Parent 7721, Gecko_IOThread] WARNING: pipe error (121): Connection reset by peer: file /build/firefox-HN7tk_/firefox-65.0+build2/ipc/chromium/src/chrome/common/ipc_channel_posix.cc, line 349
[Parent 7267, Gecko_IOThread] WARNING: pipe error (71): Connection reset by peer: file /build/firefox-HN7tk_/firefox-65.0+build2/ipc/chromium/src/chrome/common/ipc_channel_posix.cc, line 349
1549814201977	mozrunner::runner	INFO	Running command: "/usr/bin/firefox" "-marionette" "-foreground" "-no-remote" "-profile" "/tmp/rust_mozprofile.ySmYUx3gXoJy"
1549814202277	addons.webextension.screenshots@mozilla.org	WARN	Loading extension 'screenshots@mozilla.org': Reading manifest: Invalid host permission: resource://pdf.js/
1549814202278	addons.webextension.screenshots@mozilla.org	WARN	Loading extension 'screenshots@mozilla.org': Reading manifest: Invalid host permission: about:reader*

(firefox:8157): Gtk-WARNING **: 16:56:42.515: Theme parsing error: <data>:1:34: Expected ')' in color definition

(firefox:8157): Gtk-WARNING **: 16:56:42.515: Theme parsing error: <data>:1:77: Expected ')' in color definition
1549814203537	Marionette	INFO	Listening on port 42385
1549814203589	Marionette	WARN	TLS certificate errors will be ignored for this session
[Parent 7267, Gecko_IOThread] WARNING: pipe error (90): Connection reset by peer: file /build/firefox-HN7tk_/firefox-65.0+build2/ipc/chromium/src/chrome/common/ipc_channel_posix.cc, line 349
JavaScript error: resource:///modules/sessionstore/SessionStore.jsm, line 1629: TypeError: subject.QueryInterface is not a function
A content process crashed and MOZ_CRASHREPORTER_SHUTDOWN is set, shutting down
1549814205337	Marionette	INFO	Stopped listening on port 37163

(/usr/lib/firefox/firefox:8390): dconf-WARNING **: 16:56:47.862: Unable to open /var/lib/flatpak/exports/share/dconf/profile/user: Permission denied
JavaScript error: https://static.adsafeprotected.com/sca.17.4.95.js, line 33: TypeError: The ReadableStream reader was released.
1549814208554	Marionette	INFO	Stopped listening on port 42385
JavaScript error: , line 0: InvalidStateError: An attempt was made to use an object that is not, or is no longer, usable
[Parent 8157, Gecko_IOThread] WARNING: pipe error (71): Connection reset by peer: file /build/firefox-HN7tk_/firefox-65.0+build2/ipc/chromium/src/chrome/common/ipc_channel_posix.cc, line 349
[Parent 8157, Gecko_IOThread] WARNING: pipe error (65): Connection reset by peer: file /build/firefox-HN7tk_/firefox-65.0+build2/ipc/chromium/src/chrome/common/ipc_channel_posix.cc, line 349
1549815013431	mozrunner::runner	INFO	Running command: "/usr/bin/firefox" "-marionette" "-foreground" "-no-remote" "-profile" "/tmp/rust_mozprofile.0Jqh85NMv3sZ"
1549815013721	addons.webextension.screenshots@mozilla.org	WARN	Loading extension 'screenshots@mozilla.org': Reading manifest: Invalid host permission: resource://pdf.js/
1549815013721	addons.webextension.screenshots@mozilla.org	WARN	Loading extension 'screenshots@mozilla.org': Reading manifest: Invalid host permission: about:reader*

(firefox:10074): Gtk-WARNING **: 17:10:13.982: Theme parsing error: <data>:1:34: Expected ')' in color definition

(firefox:10074): Gtk-WARNING **: 17:10:13.982: Theme parsing error: <data>:1:77: Expected ')' in color definition
1549815014983	Marionette	INFO	Listening on port 41491
1549815015036	Marionette	WARN	TLS certificate errors will be ignored for this session
[Parent 10074, Gecko_IOThread] WARNING: pipe error (110): Connection reset by peer: file /build/firefox-HN7tk_/firefox-65.0+build2/ipc/chromium/src/chrome/common/ipc_channel_posix.cc, line 349
1549815040324	Marionette	INFO	Stopped listening on port 41491
1549815042995	mozrunner::runner	INFO	Running command: "/usr/bin/firefox" "-marionette" "-foreground" "-no-remote" "-profile" "/tmp/rust_mozprofile.VcUtYki1uHG6"
1549815043275	addons.webextension.screenshots@mozilla.org	WARN	Loading extension 'screenshots@mozilla.org': Reading manifest: Invalid host permission: resource://pdf.js/
1549815043275	addons.webextension.screenshots@mozilla.org	WARN	Loading extension 'screenshots@mozilla.org': Reading manifest: Invalid host permission: about:reader*

(firefox:10501): Gtk-WARNING **: 17:10:43.549: Theme parsing error: <data>:1:34: Expected ')' in color definition

(firefox:10501): Gtk-WARNING **: 17:10:43.550: Theme parsing error: <data>:1:77: Expected ')' in color definition
1549815044525	Marionette	INFO	Listening on port 33229
1549815044600	Marionette	WARN	TLS certificate errors will be ignored for this session
console.error: "TypeError: store is null: dispatchSplitConsoleCloseButtonToggle@resource://devtools/client/webconsole/webconsole-output-wrapper.js:417:5\n_onChangeSplitConsoleState@resource://devtools/client/webconsole/webconsole-frame.js:371:5\nemit@resource://devtools/shared/event-emitter.js:178:15\nemit@resource://devtools/shared/event-emitter.js:255:5\nselectTool/<@resource://devtools/client/framework/toolbox.js:1986:7\n"
TypeError: store is null: dispatchSplitConsoleCloseButtonToggle@resource://devtools/client/webconsole/webconsole-output-wrapper.js:417:5
_onChangeSplitConsoleState@resource://devtools/client/webconsole/webconsole-frame.js:371:5
emit@resource://devtools/shared/event-emitter.js:178:15
emit@resource://devtools/shared/event-emitter.js:255:5
selectTool/<@resource://devtools/client/framework/toolbox.js:1986:7

1549815106123	mozrunner::runner	INFO	Running command: "/usr/bin/firefox" "-marionette" "-foreground" "-no-remote" "-profile" "/tmp/rust_mozprofile.BNLT5uOJBXcF"
1549815106400	addons.webextension.screenshots@mozilla.org	WARN	Loading extension 'screenshots@mozilla.org': Reading manifest: Invalid host permission: resource://pdf.js/
1549815106400	addons.webextension.screenshots@mozilla.org	WARN	Loading extension 'screenshots@mozilla.org': Reading manifest: Invalid host permission: about:reader*

(firefox:10996): Gtk-WARNING **: 17:11:46.686: Theme parsing error: <data>:1:34: Expected ')' in color definition

(firefox:10996): Gtk-WARNING **: 17:11:46.686: Theme parsing error: <data>:1:77: Expected ')' in color definition
1549815107662	Marionette	INFO	Listening on port 37661
1549815107732	Marionette	WARN	TLS certificate errors will be ignored for this session
1549815109753	Marionette	INFO	Stopped listening on port 37661
[Parent 10996, Gecko_IOThread] WARNING: pipe error (71): Connection reset by peer: file /build/firefox-HN7tk_/firefox-65.0+build2/ipc/chromium/src/chrome/common/ipc_channel_posix.cc, line 349
console.error: "TypeError: currentNode is null: canMutationImpactCurrentStyles@resource://devtools/client/inspector/shared/style-change-tracker.js:64:11\nonMutations@resource://devtools/client/inspector/shared/style-change-tracker.js:82:11\nemit@resource://devtools/shared/event-emitter.js:178:15\nemit@resource://devtools/shared/event-emitter.js:255:5\nWalkerFront<.getMutations</<@resource://devtools/shared/fronts/inspector.js:423:7\n"
TypeError: currentNode is null: canMutationImpactCurrentStyles@resource://devtools/client/inspector/shared/style-change-tracker.js:64:11
onMutations@resource://devtools/client/inspector/shared/style-change-tracker.js:82:11
emit@resource://devtools/shared/event-emitter.js:178:15
emit@resource://devtools/shared/event-emitter.js:255:5
WalkerFront<.getMutations</<@resource://devtools/shared/fronts/inspector.js:423:7

[Parent 10501, Gecko_IOThread] WARNING: pipe error (109): Connection reset by peer: file /build/firefox-HN7tk_/firefox-65.0+build2/ipc/chromium/src/chrome/common/ipc_channel_posix.cc, line 349
[Parent 10501, Gecko_IOThread] WARNING: pipe error (79): Connection reset by peer: file /build/firefox-HN7tk_/firefox-65.0+build2/ipc/chromium/src/chrome/common/ipc_channel_posix.cc, line 349
1549815128207	Marionette	INFO	Stopped listening on port 33229
1549815131022	mozrunner::runner	INFO	Running command: "/usr/bin/firefox" "-marionette" "-foreground" "-no-remote" "-profile" "/tmp/rust_mozprofile.yOZCYqgyZE86"
1549815131298	addons.webextension.screenshots@mozilla.org	WARN	Loading extension 'screenshots@mozilla.org': Reading manifest: Invalid host permission: resource://pdf.js/
1549815131298	addons.webextension.screenshots@mozilla.org	WARN	Loading extension 'screenshots@mozilla.org': Reading manifest: Invalid host permission: about:reader*

(firefox:11458): Gtk-WARNING **: 17:12:11.595: Theme parsing error: <data>:1:34: Expected ')' in color definition

(firefox:11458): Gtk-WARNING **: 17:12:11.595: Theme parsing error: <data>:1:77: Expected ')' in color definition
1549815132559	Marionette	INFO	Listening on port 39923
1549815132627	Marionette	WARN	TLS certificate errors will be ignored for this session
[Parent 11458, Gecko_IOThread] WARNING: pipe error (109): Connection reset by peer: file /build/firefox-HN7tk_/firefox-65.0+build2/ipc/chromium/src/chrome/common/ipc_channel_posix.cc, line 349
[Parent 11458, Gecko_IOThread] WARNING: pipe error (79): Connection reset by peer: file /build/firefox-HN7tk_/firefox-65.0+build2/ipc/chromium/src/chrome/common/ipc_channel_posix.cc, line 349
1549815140171	Marionette	INFO	Stopped listening on port 39923
1549815238995	mozrunner::runner	INFO	Running command: "/usr/bin/firefox" "-marionette" "-foreground" "-no-remote" "-profile" "/tmp/rust_mozprofile.QABIp9o2ylwE"
1549815239289	addons.webextension.screenshots@mozilla.org	WARN	Loading extension 'screenshots@mozilla.org': Reading manifest: Invalid host permission: resource://pdf.js/
1549815239289	addons.webextension.screenshots@mozilla.org	WARN	Loading extension 'screenshots@mozilla.org': Reading manifest: Invalid host permission: about:reader*

(firefox:12089): Gtk-WARNING **: 17:13:59.583: Theme parsing error: <data>:1:34: Expected ')' in color definition

(firefox:12089): Gtk-WARNING **: 17:13:59.583: Theme parsing error: <data>:1:77: Expected ')' in color definition
1549815240532	Marionette	INFO	Listening on port 34751
1549815240606	Marionette	WARN	TLS certificate errors will be ignored for this session
1549815290392	mozrunner::runner	INFO	Running command: "/usr/bin/firefox" "-marionette" "-foreground" "-no-remote" "-profile" "/tmp/rust_mozprofile.sCdNI4SwZuVy"
1549815290683	addons.webextension.screenshots@mozilla.org	WARN	Loading extension 'screenshots@mozilla.org': Reading manifest: Invalid host permission: resource://pdf.js/
1549815290683	addons.webextension.screenshots@mozilla.org	WARN	Loading extension 'screenshots@mozilla.org': Reading manifest: Invalid host permission: about:reader*

(firefox:12571): Gtk-WARNING **: 17:14:50.979: Theme parsing error: <data>:1:34: Expected ')' in color definition

(firefox:12571): Gtk-WARNING **: 17:14:50.979: Theme parsing error: <data>:1:77: Expected ')' in color definition
1549815291921	Marionette	INFO	Listening on port 44123
1549815292002	Marionette	WARN	TLS certificate errors will be ignored for this session
[Parent 12571, Gecko_IOThread] WARNING: pipe error (96): Connection reset by peer: file /build/firefox-HN7tk_/firefox-65.0+build2/ipc/chromium/src/chrome/common/ipc_channel_posix.cc, line 349
1549815299552	Marionette	INFO	Stopped listening on port 44123
1549815356071	Marionette	INFO	Stopped listening on port 34751
1549815462414	mozrunner::runner	INFO	Running command: "/usr/bin/firefox" "-marionette" "-foreground" "-no-remote" "-profile" "/tmp/rust_mozprofile.z4uUalRxgAA9"
1549815462706	addons.webextension.screenshots@mozilla.org	WARN	Loading extension 'screenshots@mozilla.org': Reading manifest: Invalid host permission: resource://pdf.js/
1549815462706	addons.webextension.screenshots@mozilla.org	WARN	Loading extension 'screenshots@mozilla.org': Reading manifest: Invalid host permission: about:reader*

(firefox:13469): Gtk-WARNING **: 17:17:42.992: Theme parsing error: <data>:1:34: Expected ')' in color definition

(firefox:13469): Gtk-WARNING **: 17:17:42.992: Theme parsing error: <data>:1:77: Expected ')' in color definition
1549815463973	Marionette	INFO	Listening on port 37345
1549815464027	Marionette	WARN	TLS certificate errors will be ignored for this session

(/usr/lib/firefox/firefox:13654): dconf-WARNING **: 17:17:46.812: Unable to open /var/lib/flatpak/exports/share/dconf/profile/user: Permission denied
1549815527757	mozrunner::runner	INFO	Running command: "/usr/bin/firefox" "-marionette" "-foreground" "-no-remote" "-profile" "/tmp/rust_mozprofile.Xm5mLFSDmXvM"
1549815528074	addons.webextension.screenshots@mozilla.org	WARN	Loading extension 'screenshots@mozilla.org': Reading manifest: Invalid host permission: resource://pdf.js/
1549815528074	addons.webextension.screenshots@mozilla.org	WARN	Loading extension 'screenshots@mozilla.org': Reading manifest: Invalid host permission: about:reader*

(firefox:14020): Gtk-WARNING **: 17:18:48.360: Theme parsing error: <data>:1:34: Expected ')' in color definition

(firefox:14020): Gtk-WARNING **: 17:18:48.360: Theme parsing error: <data>:1:77: Expected ')' in color definition
1549815529373	Marionette	INFO	Listening on port 40797
1549815529462	Marionette	WARN	TLS certificate errors will be ignored for this session
IPDL protocol error: Handler returned error code!

###!!! [Parent][DispatchAsyncMessage] Error: PLayerTransaction::Msg_ReleaseLayer Processing error: message was deserialized, but the handler returned false (indicating failure)

IPDL protocol error: Handler returned error code!

###!!! [Parent][DispatchAsyncMessage] Error: PLayerTransaction::Msg_ReleaseLayer Processing error: message was deserialized, but the handler returned false (indicating failure)

IPDL protocol error: Handler returned error code!

###!!! [Parent][DispatchAsyncMessage] Error: PLayerTransaction::Msg_ReleaseLayer Processing error: message was deserialized, but the handler returned false (indicating failure)

IPDL protocol error: Handler returned error code!

###!!! [Parent][DispatchAsyncMessage] Error: PLayerTransaction::Msg_ReleaseLayer Processing error: message was deserialized, but the handler returned false (indicating failure)

IPDL protocol error: Handler returned error code!

###!!! [Parent][DispatchAsyncMessage] Error: PLayerTransaction::Msg_ReleaseLayer Processing error: message was deserialized, but the handler returned false (indicating failure)

[Parent 13469, Gecko_IOThread] WARNING: pipe error (71): Connection reset by peer: file /build/firefox-HN7tk_/firefox-65.0+build2/ipc/chromium/src/chrome/common/ipc_channel_posix.cc, line 349
[Parent 13469, Gecko_IOThread] WARNING: pipe error (90): Connection reset by peer: file /build/firefox-HN7tk_/firefox-65.0+build2/ipc/chromium/src/chrome/common/ipc_channel_posix.cc, line 349
1549815571279	Marionette	INFO	Stopped listening on port 37345
1549815660195	mozrunner::runner	INFO	Running command: "/usr/bin/firefox" "-marionette" "-foreground" "-no-remote" "-profile" "/tmp/rust_mozprofile.pmG1lt0wYZqz"
1549815660476	addons.webextension.screenshots@mozilla.org	WARN	Loading extension 'screenshots@mozilla.org': Reading manifest: Invalid host permission: resource://pdf.js/
1549815660476	addons.webextension.screenshots@mozilla.org	WARN	Loading extension 'screenshots@mozilla.org': Reading manifest: Invalid host permission: about:reader*

(firefox:14752): Gtk-WARNING **: 17:21:00.735: Theme parsing error: <data>:1:34: Expected ')' in color definition

(firefox:14752): Gtk-WARNING **: 17:21:00.735: Theme parsing error: <data>:1:77: Expected ')' in color definition
1549815661715	Marionette	INFO	Listening on port 40925
1549815661800	Marionette	WARN	TLS certificate errors will be ignored for this session
1549815681761	mozrunner::runner	INFO	Running command: "/usr/bin/firefox" "-marionette" "-foreground" "-no-remote" "-profile" "/tmp/rust_mozprofile.ShyAJACLdPXS"
1549815682051	addons.webextension.screenshots@mozilla.org	WARN	Loading extension 'screenshots@mozilla.org': Reading manifest: Invalid host permission: resource://pdf.js/
1549815682051	addons.webextension.screenshots@mozilla.org	WARN	Loading extension 'screenshots@mozilla.org': Reading manifest: Invalid host permission: about:reader*

(firefox:15138): Gtk-WARNING **: 17:21:22.329: Theme parsing error: <data>:1:34: Expected ')' in color definition

(firefox:15138): Gtk-WARNING **: 17:21:22.329: Theme parsing error: <data>:1:77: Expected ')' in color definition
1549815683376	Marionette	INFO	Listening on port 33999
1549815683471	Marionette	WARN	TLS certificate errors will be ignored for this session

(/usr/lib/firefox/firefox:15322): dconf-WARNING **: 17:22:34.046: Unable to open /var/lib/flatpak/exports/share/dconf/profile/user: Permission denied
1549815855852	mozrunner::runner	INFO	Running command: "/usr/bin/firefox" "-marionette" "-foreground" "-no-remote" "-profile" "/tmp/rust_mozprofile.mlhnuVUJmxBm"
1549815856136	addons.webextension.screenshots@mozilla.org	WARN	Loading extension 'screenshots@mozilla.org': Reading manifest: Invalid host permission: resource://pdf.js/
1549815856136	addons.webextension.screenshots@mozilla.org	WARN	Loading extension 'screenshots@mozilla.org': Reading manifest: Invalid host permission: about:reader*

(firefox:16026): Gtk-WARNING **: 17:24:16.451: Theme parsing error: <data>:1:34: Expected ')' in color definition

(firefox:16026): Gtk-WARNING **: 17:24:16.451: Theme parsing error: <data>:1:77: Expected ')' in color definition
1549815857398	Marionette	INFO	Listening on port 35377
1549815857469	Marionette	WARN	TLS certificate errors will be ignored for this session
JavaScript warning: https://www.tutorialspoint.com/theme/js/script-min-v4.js?v=2, line 1: Using //@ to indicate sourceMappingURL pragmas is deprecated. Use //# instead
[Parent 16026, Gecko_IOThread] WARNING: pipe error (79): Connection reset by peer: file /build/firefox-HN7tk_/firefox-65.0+build2/ipc/chromium/src/chrome/common/ipc_channel_posix.cc, line 349
[Parent 16026, Gecko_IOThread] WARNING: pipe error (110): Connection reset by peer: file /build/firefox-HN7tk_/firefox-65.0+build2/ipc/chromium/src/chrome/common/ipc_channel_posix.cc, line 349
1549815930114	Marionette	INFO	Stopped listening on port 35377
IPDL protocol error: Handler returned error code!

###!!! [Parent][DispatchAsyncMessage] Error: PLayerTransaction::Msg_ReleaseLayer Processing error: message was deserialized, but the handler returned false (indicating failure)

[Parent 15138, Gecko_IOThread] WARNING: pipe error (110): Connection reset by peer: file /build/firefox-HN7tk_/firefox-65.0+build2/ipc/chromium/src/chrome/common/ipc_channel_posix.cc, line 349
[Parent 15138, Gecko_IOThread] WARNING: pipe error (79): Connection reset by peer: file /build/firefox-HN7tk_/firefox-65.0+build2/ipc/chromium/src/chrome/common/ipc_channel_posix.cc, line 349
1549815932372	Marionette	INFO	Stopped listening on port 33999
1549816044025	mozrunner::runner	INFO	Running command: "/usr/bin/firefox" "-marionette" "-foreground" "-no-remote" "-profile" "/tmp/rust_mozprofile.qfu777OBD1tZ"
1549816044316	addons.webextension.screenshots@mozilla.org	WARN	Loading extension 'screenshots@mozilla.org': Reading manifest: Invalid host permission: resource://pdf.js/
1549816044317	addons.webextension.screenshots@mozilla.org	WARN	Loading extension 'screenshots@mozilla.org': Reading manifest: Invalid host permission: about:reader*

(firefox:16856): Gtk-WARNING **: 17:27:24.582: Theme parsing error: <data>:1:34: Expected ')' in color definition

(firefox:16856): Gtk-WARNING **: 17:27:24.582: Theme parsing error: <data>:1:77: Expected ')' in color definition
1549816045672	Marionette	INFO	Listening on port 40807
1549816045730	Marionette	WARN	TLS certificate errors will be ignored for this session
1549816078169	mozrunner::runner	INFO	Running command: "/usr/bin/firefox" "-marionette" "-foreground" "-no-remote" "-profile" "/tmp/rust_mozprofile.q0W4HjldngCh"
1549816078471	addons.webextension.screenshots@mozilla.org	WARN	Loading extension 'screenshots@mozilla.org': Reading manifest: Invalid host permission: resource://pdf.js/
1549816078471	addons.webextension.screenshots@mozilla.org	WARN	Loading extension 'screenshots@mozilla.org': Reading manifest: Invalid host permission: about:reader*

(firefox:17286): Gtk-WARNING **: 17:27:58.735: Theme parsing error: <data>:1:34: Expected ')' in color definition

(firefox:17286): Gtk-WARNING **: 17:27:58.735: Theme parsing error: <data>:1:77: Expected ')' in color definition
1549816079714	Marionette	INFO	Listening on port 46557
1549816079779	Marionette	WARN	TLS certificate errors will be ignored for this session
[Parent 17286, Gecko_IOThread] WARNING: pipe error (71): Connection reset by peer: file /build/firefox-HN7tk_/firefox-65.0+build2/ipc/chromium/src/chrome/common/ipc_channel_posix.cc, line 349
[Parent 17286, Gecko_IOThread] WARNING: pipe error (109): Connection reset by peer: file /build/firefox-HN7tk_/firefox-65.0+build2/ipc/chromium/src/chrome/common/ipc_channel_posix.cc, line 349
1549816100845	Marionette	INFO	Stopped listening on port 46557
[Parent 16856, Gecko_IOThread] WARNING: pipe error (65): Connection reset by peer: file /build/firefox-HN7tk_/firefox-65.0+build2/ipc/chromium/src/chrome/common/ipc_channel_posix.cc, line 349
[Parent 16856, Gecko_IOThread] WARNING: pipe error (79): Connection reset by peer: file /build/firefox-HN7tk_/firefox-65.0+build2/ipc/chromium/src/chrome/common/ipc_channel_posix.cc, line 349
1549816104829	Marionette	INFO	Stopped listening on port 40807
IPDL protocol error: Handler returned error code!

###!!! [Parent][DispatchAsyncMessage] Error: PLayerTransaction::Msg_ReleaseLayer Processing error: message was deserialized, but the handler returned false (indicating failure)

[Parent 14020, Gecko_IOThread] WARNING: pipe error (71): Connection reset by peer: file /build/firefox-HN7tk_/firefox-65.0+build2/ipc/chromium/src/chrome/common/ipc_channel_posix.cc, line 349
[Parent 14020, Gecko_IOThread] WARNING: pipe error (72): Connection reset by peer: file /build/firefox-HN7tk_/firefox-65.0+build2/ipc/chromium/src/chrome/common/ipc_channel_posix.cc, line 349
1549816252060	Marionette	INFO	Stopped listening on port 40797
[Parent 14752, Gecko_IOThread] WARNING: pipe error (71): Connection reset by peer: file /build/firefox-HN7tk_/firefox-65.0+build2/ipc/chromium/src/chrome/common/ipc_channel_posix.cc, line 349
1549816261764	Marionette	INFO	Stopped listening on port 40925
1549816938188	mozrunner::runner	INFO	Running command: "/usr/bin/firefox" "-marionette" "-foreground" "-no-remote" "-profile" "/tmp/rust_mozprofile.9CTE0yJYG3al"
1549816938476	addons.webextension.screenshots@mozilla.org	WARN	Loading extension 'screenshots@mozilla.org': Reading manifest: Invalid host permission: resource://pdf.js/
1549816938477	addons.webextension.screenshots@mozilla.org	WARN	Loading extension 'screenshots@mozilla.org': Reading manifest: Invalid host permission: about:reader*

(firefox:19286): Gtk-WARNING **: 17:42:18.736: Theme parsing error: <data>:1:34: Expected ')' in color definition

(firefox:19286): Gtk-WARNING **: 17:42:18.737: Theme parsing error: <data>:1:77: Expected ')' in color definition
1549816939693	Marionette	INFO	Listening on port 40157
1549816939827	Marionette	WARN	TLS certificate errors will be ignored for this session
console.error: BroadcastService: 
  receivedBroadcastMessage: handler for
  remote-settings/monitor_changes
  threw error:
  Message: Error: Polling for changes failed: NetworkError when attempting to fetch resource..
  Stack:
    remoteSettingsFunction/remoteSettings.pollChanges@resource://services-settings/remote-settings.js:188:13


(/usr/lib/firefox/firefox:19465): dconf-WARNING **: 17:43:38.353: Unable to open /var/lib/flatpak/exports/share/dconf/profile/user: Permission denied
1549817098080	mozrunner::runner	INFO	Running command: "/usr/bin/firefox" "-marionette" "-foreground" "-no-remote" "-profile" "/tmp/rust_mozprofile.XomRz6BgKJ1U"
1549817098372	addons.webextension.screenshots@mozilla.org	WARN	Loading extension 'screenshots@mozilla.org': Reading manifest: Invalid host permission: resource://pdf.js/
1549817098372	addons.webextension.screenshots@mozilla.org	WARN	Loading extension 'screenshots@mozilla.org': Reading manifest: Invalid host permission: about:reader*

(firefox:19977): Gtk-WARNING **: 17:44:58.641: Theme parsing error: <data>:1:34: Expected ')' in color definition

(firefox:19977): Gtk-WARNING **: 17:44:58.641: Theme parsing error: <data>:1:77: Expected ')' in color definition
1549817099619	Marionette	INFO	Listening on port 38965
1549817099691	Marionette	WARN	TLS certificate errors will be ignored for this session
[Parent 19977, Gecko_IOThread] WARNING: pipe error (79): Connection reset by peer: file /build/firefox-HN7tk_/firefox-65.0+build2/ipc/chromium/src/chrome/common/ipc_channel_posix.cc, line 349
[Parent 19977, Gecko_IOThread] WARNING: pipe error (71): Connection reset by peer: file /build/firefox-HN7tk_/firefox-65.0+build2/ipc/chromium/src/chrome/common/ipc_channel_posix.cc, line 349
1549817118451	Marionette	INFO	Stopped listening on port 38965
[Parent 19286, Gecko_IOThread] WARNING: pipe error (79): Connection reset by peer: file /build/firefox-HN7tk_/firefox-65.0+build2/ipc/chromium/src/chrome/common/ipc_channel_posix.cc, line 349
[Parent 19286, Gecko_IOThread] WARNING: pipe error (71): Connection reset by peer: file /build/firefox-HN7tk_/firefox-65.0+build2/ipc/chromium/src/chrome/common/ipc_channel_posix.cc, line 349
1549817124058	Marionette	INFO	Stopped listening on port 40157
1549817156575	mozrunner::runner	INFO	Running command: "/usr/bin/firefox" "-marionette" "-foreground" "-no-remote" "-profile" "/tmp/rust_mozprofile.H8PXuZgANPb0"
1549817156864	addons.webextension.screenshots@mozilla.org	WARN	Loading extension 'screenshots@mozilla.org': Reading manifest: Invalid host permission: resource://pdf.js/
1549817156864	addons.webextension.screenshots@mozilla.org	WARN	Loading extension 'screenshots@mozilla.org': Reading manifest: Invalid host permission: about:reader*

(firefox:20489): Gtk-WARNING **: 17:45:57.135: Theme parsing error: <data>:1:34: Expected ')' in color definition

(firefox:20489): Gtk-WARNING **: 17:45:57.135: Theme parsing error: <data>:1:77: Expected ')' in color definition
1549817158172	Marionette	INFO	Listening on port 41557
1549817158185	Marionette	WARN	TLS certificate errors will be ignored for this session
1549817223274	mozrunner::runner	INFO	Running command: "/usr/bin/firefox" "-marionette" "-foreground" "-no-remote" "-profile" "/tmp/rust_mozprofile.jltDDr3krolY"
1549817223559	addons.webextension.screenshots@mozilla.org	WARN	Loading extension 'screenshots@mozilla.org': Reading manifest: Invalid host permission: resource://pdf.js/
1549817223559	addons.webextension.screenshots@mozilla.org	WARN	Loading extension 'screenshots@mozilla.org': Reading manifest: Invalid host permission: about:reader*

(firefox:20999): Gtk-WARNING **: 17:47:03.820: Theme parsing error: <data>:1:34: Expected ')' in color definition

(firefox:20999): Gtk-WARNING **: 17:47:03.820: Theme parsing error: <data>:1:77: Expected ')' in color definition
1549817224835	Marionette	INFO	Listening on port 34483
1549817224879	Marionette	WARN	TLS certificate errors will be ignored for this session
1549817265831	mozrunner::runner	INFO	Running command: "/usr/bin/firefox" "-marionette" "-foreground" "-no-remote" "-profile" "/tmp/rust_mozprofile.eEJcByjjjFfV"
1549817266113	addons.webextension.screenshots@mozilla.org	WARN	Loading extension 'screenshots@mozilla.org': Reading manifest: Invalid host permission: resource://pdf.js/
1549817266113	addons.webextension.screenshots@mozilla.org	WARN	Loading extension 'screenshots@mozilla.org': Reading manifest: Invalid host permission: about:reader*

(firefox:21451): Gtk-WARNING **: 17:47:46.478: Theme parsing error: <data>:1:34: Expected ')' in color definition

(firefox:21451): Gtk-WARNING **: 17:47:46.478: Theme parsing error: <data>:1:77: Expected ')' in color definition
1549817267454	Marionette	INFO	Listening on port 42339
1549817267536	Marionette	WARN	TLS certificate errors will be ignored for this session
[Parent 20999, Gecko_IOThread] WARNING: pipe error (110): Connection reset by peer: file /build/firefox-HN7tk_/firefox-65.0+build2/ipc/chromium/src/chrome/common/ipc_channel_posix.cc, line 349
1549817446157	Marionette	INFO	Stopped listening on port 34483
[Parent 20489, Gecko_IOThread] WARNING: pipe error (110): Connection reset by peer: file /build/firefox-HN7tk_/firefox-65.0+build2/ipc/chromium/src/chrome/common/ipc_channel_posix.cc, line 349
[Parent 20489, Gecko_IOThread] WARNING: pipe error (71): Connection reset by peer: file /build/firefox-HN7tk_/firefox-65.0+build2/ipc/chromium/src/chrome/common/ipc_channel_posix.cc, line 349
1549817449789	Marionette	INFO	Stopped listening on port 41557
[Parent 21451, Gecko_IOThread] WARNING: pipe error (71): Connection reset by peer: file /build/firefox-HN7tk_/firefox-65.0+build2/ipc/chromium/src/chrome/common/ipc_channel_posix.cc, line 349
[Parent 21451, Gecko_IOThread] WARNING: pipe error (65): Connection reset by peer: file /build/firefox-HN7tk_/firefox-65.0+build2/ipc/chromium/src/chrome/common/ipc_channel_posix.cc, line 349
1549817473456	Marionette	INFO	Stopped listening on port 42339
1549817979597	mozrunner::runner	INFO	Running command: "/usr/bin/firefox" "-marionette" "-foreground" "-no-remote" "-profile" "/tmp/rust_mozprofile.PzY06EgAaQeF"
1549817979873	addons.webextension.screenshots@mozilla.org	WARN	Loading extension 'screenshots@mozilla.org': Reading manifest: Invalid host permission: resource://pdf.js/
1549817979873	addons.webextension.screenshots@mozilla.org	WARN	Loading extension 'screenshots@mozilla.org': Reading manifest: Invalid host permission: about:reader*

(firefox:23300): Gtk-WARNING **: 17:59:40.149: Theme parsing error: <data>:1:34: Expected ')' in color definition

(firefox:23300): Gtk-WARNING **: 17:59:40.149: Theme parsing error: <data>:1:77: Expected ')' in color definition
1549817981113	Marionette	INFO	Listening on port 42213
1549817981205	Marionette	WARN	TLS certificate errors will be ignored for this session
1549818018262	mozrunner::runner	INFO	Running command: "/usr/bin/firefox" "-marionette" "-foreground" "-no-remote" "-profile" "/tmp/rust_mozprofile.9y5lGId4ghxl"
1549818018547	addons.webextension.screenshots@mozilla.org	WARN	Loading extension 'screenshots@mozilla.org': Reading manifest: Invalid host permission: resource://pdf.js/
1549818018548	addons.webextension.screenshots@mozilla.org	WARN	Loading extension 'screenshots@mozilla.org': Reading manifest: Invalid host permission: about:reader*

(firefox:24083): Gtk-WARNING **: 18:00:18.852: Theme parsing error: <data>:1:34: Expected ')' in color definition

(firefox:24083): Gtk-WARNING **: 18:00:18.852: Theme parsing error: <data>:1:77: Expected ')' in color definition
1549818019909	Marionette	INFO	Listening on port 46783
1549818019972	Marionette	WARN	TLS certificate errors will be ignored for this session
1549818042318	mozrunner::runner	INFO	Running command: "/usr/bin/firefox" "-marionette" "-foreground" "-no-remote" "-profile" "/tmp/rust_mozprofile.mA3kYNikCJHg"
1549818042603	addons.webextension.screenshots@mozilla.org	WARN	Loading extension 'screenshots@mozilla.org': Reading manifest: Invalid host permission: resource://pdf.js/
1549818042603	addons.webextension.screenshots@mozilla.org	WARN	Loading extension 'screenshots@mozilla.org': Reading manifest: Invalid host permission: about:reader*

(firefox:24719): Gtk-WARNING **: 18:00:42.920: Theme parsing error: <data>:1:34: Expected ')' in color definition

(firefox:24719): Gtk-WARNING **: 18:00:42.920: Theme parsing error: <data>:1:77: Expected ')' in color definition
1549818043993	Marionette	INFO	Listening on port 39749
1549818044023	Marionette	WARN	TLS certificate errors will be ignored for this session

(/usr/lib/firefox/firefox:24919): dconf-WARNING **: 18:01:25.695: Unable to open /var/lib/flatpak/exports/share/dconf/profile/user: Permission denied
[Parent 24083, Gecko_IOThread] WARNING: pipe error (110): Connection reset by peer: file /build/firefox-HN7tk_/firefox-65.0+build2/ipc/chromium/src/chrome/common/ipc_channel_posix.cc, line 349
1549818196206	Marionette	INFO	Stopped listening on port 46783
[Parent 23300, Gecko_IOThread] WARNING: pipe error (79): Connection reset by peer: file /build/firefox-HN7tk_/firefox-65.0+build2/ipc/chromium/src/chrome/common/ipc_channel_posix.cc, line 349
[Parent 23300, Gecko_IOThread] WARNING: pipe error (110): Connection reset by peer: file /build/firefox-HN7tk_/firefox-65.0+build2/ipc/chromium/src/chrome/common/ipc_channel_posix.cc, line 349
1549818199993	Marionette	INFO	Stopped listening on port 42213
[Parent 24719, Gecko_IOThread] WARNING: pipe error (71): Connection reset by peer: file /build/firefox-HN7tk_/firefox-65.0+build2/ipc/chromium/src/chrome/common/ipc_channel_posix.cc, line 349
[Parent 24719, Gecko_IOThread] WARNING: pipe error (65): Connection reset by peer: file /build/firefox-HN7tk_/firefox-65.0+build2/ipc/chromium/src/chrome/common/ipc_channel_posix.cc, line 349
1549818208295	Marionette	INFO	Stopped listening on port 39749
1549818450641	mozrunner::runner	INFO	Running command: "/usr/bin/firefox" "-marionette" "-foreground" "-no-remote" "-profile" "/tmp/rust_mozprofile.rET61dfTxFCl"
1549818450932	addons.webextension.screenshots@mozilla.org	WARN	Loading extension 'screenshots@mozilla.org': Reading manifest: Invalid host permission: resource://pdf.js/
1549818450948	addons.webextension.screenshots@mozilla.org	WARN	Loading extension 'screenshots@mozilla.org': Reading manifest: Invalid host permission: about:reader*

(firefox:26318): Gtk-WARNING **: 18:07:31.230: Theme parsing error: <data>:1:34: Expected ')' in color definition

(firefox:26318): Gtk-WARNING **: 18:07:31.230: Theme parsing error: <data>:1:77: Expected ')' in color definition
1549818452243	Marionette	INFO	Listening on port 46181
1549818452248	Marionette	WARN	TLS certificate errors will be ignored for this session
1549818498308	mozrunner::runner	INFO	Running command: "/usr/bin/firefox" "-marionette" "-foreground" "-no-remote" "-profile" "/tmp/rust_mozprofile.3FAgaqgA4vVe"
1549818498589	addons.webextension.screenshots@mozilla.org	WARN	Loading extension 'screenshots@mozilla.org': Reading manifest: Invalid host permission: resource://pdf.js/
1549818498590	addons.webextension.screenshots@mozilla.org	WARN	Loading extension 'screenshots@mozilla.org': Reading manifest: Invalid host permission: about:reader*

(firefox:26752): Gtk-WARNING **: 18:08:18.850: Theme parsing error: <data>:1:34: Expected ')' in color definition

(firefox:26752): Gtk-WARNING **: 18:08:18.850: Theme parsing error: <data>:1:77: Expected ')' in color definition
1549818499900	Marionette	INFO	Listening on port 35989
1549818499915	Marionette	WARN	TLS certificate errors will be ignored for this session
1549818520632	mozrunner::runner	INFO	Running command: "/usr/bin/firefox" "-marionette" "-foreground" "-no-remote" "-profile" "/tmp/rust_mozprofile.fqplfEzpJbjb"
1549818520917	addons.webextension.screenshots@mozilla.org	WARN	Loading extension 'screenshots@mozilla.org': Reading manifest: Invalid host permission: resource://pdf.js/
1549818520917	addons.webextension.screenshots@mozilla.org	WARN	Loading extension 'screenshots@mozilla.org': Reading manifest: Invalid host permission: about:reader*

(firefox:27162): Gtk-WARNING **: 18:08:41.224: Theme parsing error: <data>:1:34: Expected ')' in color definition

(firefox:27162): Gtk-WARNING **: 18:08:41.225: Theme parsing error: <data>:1:77: Expected ')' in color definition
1549818522192	Marionette	INFO	Listening on port 43811
1549818522242	Marionette	WARN	TLS certificate errors will be ignored for this session
1549818564293	mozrunner::runner	INFO	Running command: "/usr/bin/firefox" "-marionette" "-foreground" "-no-remote" "-profile" "/tmp/rust_mozprofile.RZqCtCJWKXig"
1549818564573	addons.webextension.screenshots@mozilla.org	WARN	Loading extension 'screenshots@mozilla.org': Reading manifest: Invalid host permission: resource://pdf.js/
1549818564573	addons.webextension.screenshots@mozilla.org	WARN	Loading extension 'screenshots@mozilla.org': Reading manifest: Invalid host permission: about:reader*

(firefox:27616): Gtk-WARNING **: 18:09:24.874: Theme parsing error: <data>:1:34: Expected ')' in color definition

(firefox:27616): Gtk-WARNING **: 18:09:24.874: Theme parsing error: <data>:1:77: Expected ')' in color definition
1549818565870	Marionette	INFO	Listening on port 36165
1549818565904	Marionette	WARN	TLS certificate errors will be ignored for this session
1549818613912	mozrunner::runner	INFO	Running command: "/usr/bin/firefox" "-marionette" "-foreground" "-no-remote" "-profile" "/tmp/rust_mozprofile.1vLNOBpbZ4LS"
1549818614206	addons.webextension.screenshots@mozilla.org	WARN	Loading extension 'screenshots@mozilla.org': Reading manifest: Invalid host permission: resource://pdf.js/
1549818614206	addons.webextension.screenshots@mozilla.org	WARN	Loading extension 'screenshots@mozilla.org': Reading manifest: Invalid host permission: about:reader*

(firefox:28095): Gtk-WARNING **: 18:10:14.500: Theme parsing error: <data>:1:34: Expected ')' in color definition

(firefox:28095): Gtk-WARNING **: 18:10:14.500: Theme parsing error: <data>:1:77: Expected ')' in color definition
1549818615616	Marionette	INFO	Listening on port 34863
1549818615627	Marionette	WARN	TLS certificate errors will be ignored for this session
1549818710928	mozrunner::runner	INFO	Running command: "/usr/bin/firefox" "-marionette" "-foreground" "-no-remote" "-profile" "/tmp/rust_mozprofile.1JUQkxmiK26j"
1549818711220	addons.webextension.screenshots@mozilla.org	WARN	Loading extension 'screenshots@mozilla.org': Reading manifest: Invalid host permission: resource://pdf.js/
1549818711220	addons.webextension.screenshots@mozilla.org	WARN	Loading extension 'screenshots@mozilla.org': Reading manifest: Invalid host permission: about:reader*

(firefox:28688): Gtk-WARNING **: 18:11:51.497: Theme parsing error: <data>:1:34: Expected ')' in color definition

(firefox:28688): Gtk-WARNING **: 18:11:51.497: Theme parsing error: <data>:1:77: Expected ')' in color definition
1549818712500	Marionette	INFO	Listening on port 43727
1549818712534	Marionette	WARN	TLS certificate errors will be ignored for this session
console.error: BroadcastService: 
  receivedBroadcastMessage: handler for
  remote-settings/monitor_changes
  threw error:
  Message: Error: Polling for changes failed: NetworkError when attempting to fetch resource..
  Stack:
    remoteSettingsFunction/remoteSettings.pollChanges@resource://services-settings/remote-settings.js:188:13

console.error: BroadcastService: 
console.error: BroadcastService: 
console.error: BroadcastService: 
console.error: BroadcastService: 
  receivedBroadcastMessage: handler for
  receivedBroadcastMessage: handler for
  receivedBroadcastMessage: handler for
  receivedBroadcastMessage: handler for
  remote-settings/monitor_changes
  remote-settings/monitor_changes
  remote-settings/monitor_changes
  remote-settings/monitor_changes
  threw error:
  threw error:
  threw error:
  threw error:
  Message: Error: Polling for changes failed: NetworkError when attempting to fetch resource..
  Stack:
    remoteSettingsFunction/remoteSettings.pollChanges@resource://services-settings/remote-settings.js:188:13

  Message: Error: Polling for changes failed: NetworkError when attempting to fetch resource..
  Stack:
    remoteSettingsFunction/remoteSettings.pollChanges@resource://services-settings/remote-settings.js:188:13

  Message: Error: Polling for changes failed: NetworkError when attempting to fetch resource..
  Stack:
    remoteSettingsFunction/remoteSettings.pollChanges@resource://services-settings/remote-settings.js:188:13

  Message: Error: Polling for changes failed: NetworkError when attempting to fetch resource..
  Stack:
    remoteSettingsFunction/remoteSettings.pollChanges@resource://services-settings/remote-settings.js:188:13

1549818741688	mozrunner::runner	INFO	Running command: "/usr/bin/firefox" "-marionette" "-foreground" "-no-remote" "-profile" "/tmp/rust_mozprofile.yLQVj0T8aj27"
1549818741988	addons.webextension.screenshots@mozilla.org	WARN	Loading extension 'screenshots@mozilla.org': Reading manifest: Invalid host permission: resource://pdf.js/
1549818741988	addons.webextension.screenshots@mozilla.org	WARN	Loading extension 'screenshots@mozilla.org': Reading manifest: Invalid host permission: about:reader*

(firefox:29133): Gtk-WARNING **: 18:12:22.268: Theme parsing error: <data>:1:34: Expected ')' in color definition

(firefox:29133): Gtk-WARNING **: 18:12:22.268: Theme parsing error: <data>:1:77: Expected ')' in color definition
1549818743281	Marionette	INFO	Listening on port 38741
1549818743298	Marionette	WARN	TLS certificate errors will be ignored for this session
1549818761623	mozrunner::runner	INFO	Running command: "/usr/bin/firefox" "-marionette" "-foreground" "-no-remote" "-profile" "/tmp/rust_mozprofile.Y0421jF0wyAi"
1549818761927	addons.webextension.screenshots@mozilla.org	WARN	Loading extension 'screenshots@mozilla.org': Reading manifest: Invalid host permission: resource://pdf.js/
1549818761927	addons.webextension.screenshots@mozilla.org	WARN	Loading extension 'screenshots@mozilla.org': Reading manifest: Invalid host permission: about:reader*

(firefox:29542): Gtk-WARNING **: 18:12:42.217: Theme parsing error: <data>:1:34: Expected ')' in color definition

(firefox:29542): Gtk-WARNING **: 18:12:42.217: Theme parsing error: <data>:1:77: Expected ')' in color definition
1549818763242	Marionette	INFO	Listening on port 35823
1549818763328	Marionette	WARN	TLS certificate errors will be ignored for this session
1549818780488	mozrunner::runner	INFO	Running command: "/usr/bin/firefox" "-marionette" "-foreground" "-no-remote" "-profile" "/tmp/rust_mozprofile.LJaj4RJ6Zscl"
1549818780771	addons.webextension.screenshots@mozilla.org	WARN	Loading extension 'screenshots@mozilla.org': Reading manifest: Invalid host permission: resource://pdf.js/
1549818780771	addons.webextension.screenshots@mozilla.org	WARN	Loading extension 'screenshots@mozilla.org': Reading manifest: Invalid host permission: about:reader*

(firefox:29952): Gtk-WARNING **: 18:13:01.064: Theme parsing error: <data>:1:34: Expected ')' in color definition

(firefox:29952): Gtk-WARNING **: 18:13:01.064: Theme parsing error: <data>:1:77: Expected ')' in color definition
1549818782059	Marionette	INFO	Listening on port 41085
1549818782095	Marionette	WARN	TLS certificate errors will be ignored for this session
console.error: BroadcastService: 
console.error: BroadcastService: 
  receivedBroadcastMessage: handler for
  receivedBroadcastMessage: handler for
  remote-settings/monitor_changes
  threw error:
  remote-settings/monitor_changes
  threw error:
  Message: Error: Polling for changes failed: NetworkError when attempting to fetch resource..
  Stack:
    remoteSettingsFunction/remoteSettings.pollChanges@resource://services-settings/remote-settings.js:188:13

  Message: Error: Polling for changes failed: NetworkError when attempting to fetch resource..
  Stack:
    remoteSettingsFunction/remoteSettings.pollChanges@resource://services-settings/remote-settings.js:188:13

console.error: BroadcastService: 
console.error: BroadcastService: 
  receivedBroadcastMessage: handler for
  remote-settings/monitor_changes
  threw error:
  Message: Error: Polling for changes failed: NetworkError when attempting to fetch resource..
  Stack:
    remoteSettingsFunction/remoteSettings.pollChanges@resource://services-settings/remote-settings.js:188:13

  receivedBroadcastMessage: handler for
  remote-settings/monitor_changes
  threw error:
  Message: Error: Polling for changes failed: NetworkError when attempting to fetch resource..
  Stack:
    remoteSettingsFunction/remoteSettings.pollChanges@resource://services-settings/remote-settings.js:188:13

[Parent 29952, Gecko_IOThread] WARNING: pipe error (110): Connection reset by peer: file /build/firefox-HN7tk_/firefox-65.0+build2/ipc/chromium/src/chrome/common/ipc_channel_posix.cc, line 349
[Parent 29952, Gecko_IOThread] WARNING: pipe error (79): Connection reset by peer: file /build/firefox-HN7tk_/firefox-65.0+build2/ipc/chromium/src/chrome/common/ipc_channel_posix.cc, line 349
1549819456672	Marionette	INFO	Stopped listening on port 41085
1549819458785	Marionette	INFO	Stopped listening on port 35823
[Parent 29133, Gecko_IOThread] WARNING: pipe error (108): Connection reset by peer: file /build/firefox-HN7tk_/firefox-65.0+build2/ipc/chromium/src/chrome/common/ipc_channel_posix.cc, line 349
1549819472420	Marionette	INFO	Stopped listening on port 38741
[Parent 28688, Gecko_IOThread] WARNING: pipe error (79): Connection reset by peer: file /build/firefox-HN7tk_/firefox-65.0+build2/ipc/chromium/src/chrome/common/ipc_channel_posix.cc, line 349
[Parent 28688, Gecko_IOThread] WARNING: pipe error (87): Connection reset by peer: file /build/firefox-HN7tk_/firefox-65.0+build2/ipc/chromium/src/chrome/common/ipc_channel_posix.cc, line 349
1549819474562	Marionette	INFO	Stopped listening on port 43727
[Parent 28095, Gecko_IOThread] WARNING: pipe error (71): Connection reset by peer: file /build/firefox-HN7tk_/firefox-65.0+build2/ipc/chromium/src/chrome/common/ipc_channel_posix.cc, line 349
[Parent 28095, Gecko_IOThread] WARNING: pipe error (65): Connection reset by peer: file /build/firefox-HN7tk_/firefox-65.0+build2/ipc/chromium/src/chrome/common/ipc_channel_posix.cc, line 349
1549819476768	Marionette	INFO	Stopped listening on port 34863
[Parent 27162, Gecko_IOThread] WARNING: pipe error (65): Connection reset by peer: file /build/firefox-HN7tk_/firefox-65.0+build2/ipc/chromium/src/chrome/common/ipc_channel_posix.cc, line 349
[Parent 27162, Gecko_IOThread] WARNING: pipe error (71): Connection reset by peer: file /build/firefox-HN7tk_/firefox-65.0+build2/ipc/chromium/src/chrome/common/ipc_channel_posix.cc, line 349
1549819479821	Marionette	INFO	Stopped listening on port 43811
1549819480830	Marionette	INFO	Stopped listening on port 35989
[Parent 26318, Gecko_IOThread] WARNING: pipe error (79): Connection reset by peer: file /build/firefox-HN7tk_/firefox-65.0+build2/ipc/chromium/src/chrome/common/ipc_channel_posix.cc, line 349
[Parent 26318, Gecko_IOThread] WARNING: pipe error (96): Connection reset by peer: file /build/firefox-HN7tk_/firefox-65.0+build2/ipc/chromium/src/chrome/common/ipc_channel_posix.cc, line 349
1549819482582	Marionette	INFO	Stopped listening on port 46181
[Parent 27616, Gecko_IOThread] WARNING: pipe error (96): Connection reset by peer: file /build/firefox-HN7tk_/firefox-65.0+build2/ipc/chromium/src/chrome/common/ipc_channel_posix.cc, line 349
1549819490929	Marionette	INFO	Stopped listening on port 36165
1549819900328	mozrunner::runner	INFO	Running command: "/usr/bin/firefox" "-marionette" "-foreground" "-no-remote" "-profile" "/tmp/rust_mozprofile.xhCVmFp3Xefj"
1549819900617	addons.webextension.screenshots@mozilla.org	WARN	Loading extension 'screenshots@mozilla.org': Reading manifest: Invalid host permission: resource://pdf.js/
1549819900617	addons.webextension.screenshots@mozilla.org	WARN	Loading extension 'screenshots@mozilla.org': Reading manifest: Invalid host permission: about:reader*

(firefox:32383): Gtk-WARNING **: 18:31:40.892: Theme parsing error: <data>:1:34: Expected ')' in color definition

(firefox:32383): Gtk-WARNING **: 18:31:40.892: Theme parsing error: <data>:1:77: Expected ')' in color definition
1549819901864	Marionette	INFO	Listening on port 41803
1549819901934	Marionette	WARN	TLS certificate errors will be ignored for this session
[Parent 32383, Gecko_IOThread] WARNING: pipe error (71): Connection reset by peer: file /build/firefox-HN7tk_/firefox-65.0+build2/ipc/chromium/src/chrome/common/ipc_channel_posix.cc, line 349
1549819922044	Marionette	INFO	Stopped listening on port 41803
1549819924935	mozrunner::runner	INFO	Running command: "/usr/bin/firefox" "-marionette" "-foreground" "-no-remote" "-profile" "/tmp/rust_mozprofile.ZdlYtysT0oWq"
1549819925212	addons.webextension.screenshots@mozilla.org	WARN	Loading extension 'screenshots@mozilla.org': Reading manifest: Invalid host permission: resource://pdf.js/
1549819925212	addons.webextension.screenshots@mozilla.org	WARN	Loading extension 'screenshots@mozilla.org': Reading manifest: Invalid host permission: about:reader*

(firefox:380): Gtk-WARNING **: 18:32:05.478: Theme parsing error: <data>:1:34: Expected ')' in color definition

(firefox:380): Gtk-WARNING **: 18:32:05.478: Theme parsing error: <data>:1:77: Expected ')' in color definition
1549819926494	Marionette	INFO	Listening on port 36261
1549819926546	Marionette	WARN	TLS certificate errors will be ignored for this session
console.error: BroadcastService: 
  receivedBroadcastMessage: handler for
  remote-settings/monitor_changes
  threw error:
  Message: Error: Polling for changes failed: NetworkError when attempting to fetch resource..
  Stack:
    remoteSettingsFunction/remoteSettings.pollChanges@resource://services-settings/remote-settings.js:188:13


(/usr/lib/firefox/firefox:998): dconf-WARNING **: 18:36:51.143: Unable to open /var/lib/flatpak/exports/share/dconf/profile/user: Permission denied
JavaScript error: https://static.adsafeprotected.com/sca.17.4.95.js, line 33: TypeError: The ReadableStream reader was released.

(/usr/lib/firefox/firefox:647): dconf-WARNING **: 18:40:06.779: Unable to open /var/lib/flatpak/exports/share/dconf/profile/user: Permission denied
1549820647353	mozrunner::runner	INFO	Running command: "/usr/bin/firefox" "-marionette" "-foreground" "-no-remote" "-profile" "/tmp/rust_mozprofile.AgwHBfVjvi2P"
1549820647637	addons.webextension.screenshots@mozilla.org	WARN	Loading extension 'screenshots@mozilla.org': Reading manifest: Invalid host permission: resource://pdf.js/
1549820647638	addons.webextension.screenshots@mozilla.org	WARN	Loading extension 'screenshots@mozilla.org': Reading manifest: Invalid host permission: about:reader*

(firefox:2623): Gtk-WARNING **: 18:44:07.931: Theme parsing error: <data>:1:34: Expected ')' in color definition

(firefox:2623): Gtk-WARNING **: 18:44:07.931: Theme parsing error: <data>:1:77: Expected ')' in color definition
1549820649123	Marionette	INFO	Listening on port 44711
1549820649172	Marionette	WARN	TLS certificate errors will be ignored for this session
[Parent 2623, Gecko_IOThread] WARNING: pipe error (110): Connection reset by peer: file /build/firefox-HN7tk_/firefox-65.0+build2/ipc/chromium/src/chrome/common/ipc_channel_posix.cc, line 349
[Parent 2623, Gecko_IOThread] WARNING: pipe error (71): Connection reset by peer: file /build/firefox-HN7tk_/firefox-65.0+build2/ipc/chromium/src/chrome/common/ipc_channel_posix.cc, line 349
1549820670942	Marionette	INFO	Stopped listening on port 44711
1549820673492	mozrunner::runner	INFO	Running command: "/usr/bin/firefox" "-marionette" "-foreground" "-no-remote" "-profile" "/tmp/rust_mozprofile.vTLNNg8Szj63"
1549820673772	addons.webextension.screenshots@mozilla.org	WARN	Loading extension 'screenshots@mozilla.org': Reading manifest: Invalid host permission: resource://pdf.js/
1549820673773	addons.webextension.screenshots@mozilla.org	WARN	Loading extension 'screenshots@mozilla.org': Reading manifest: Invalid host permission: about:reader*

(firefox:3122): Gtk-WARNING **: 18:44:34.069: Theme parsing error: <data>:1:34: Expected ')' in color definition

(firefox:3122): Gtk-WARNING **: 18:44:34.069: Theme parsing error: <data>:1:77: Expected ')' in color definition
1549820675028	Marionette	INFO	Listening on port 33407
1549820675100	Marionette	WARN	TLS certificate errors will be ignored for this session
[Parent 3122, Gecko_IOThread] WARNING: pipe error (79): Connection reset by peer: file /build/firefox-HN7tk_/firefox-65.0+build2/ipc/chromium/src/chrome/common/ipc_channel_posix.cc, line 349
[Parent 3122, Gecko_IOThread] WARNING: pipe error (93): Connection reset by peer: file /build/firefox-HN7tk_/firefox-65.0+build2/ipc/chromium/src/chrome/common/ipc_channel_posix.cc, line 349
1549820697122	Marionette	INFO	Stopped listening on port 33407
1549820752033	mozrunner::runner	INFO	Running command: "/usr/bin/firefox" "-marionette" "-foreground" "-no-remote" "-profile" "/tmp/rust_mozprofile.4IDc6sBl6Fxl"
1549820752307	addons.webextension.screenshots@mozilla.org	WARN	Loading extension 'screenshots@mozilla.org': Reading manifest: Invalid host permission: resource://pdf.js/
1549820752308	addons.webextension.screenshots@mozilla.org	WARN	Loading extension 'screenshots@mozilla.org': Reading manifest: Invalid host permission: about:reader*

(firefox:3982): Gtk-WARNING **: 18:45:52.600: Theme parsing error: <data>:1:34: Expected ')' in color definition

(firefox:3982): Gtk-WARNING **: 18:45:52.600: Theme parsing error: <data>:1:77: Expected ')' in color definition
1549820753537	Marionette	INFO	Listening on port 45197
1549820753643	Marionette	WARN	TLS certificate errors will be ignored for this session
1549820774077	Marionette	INFO	Stopped listening on port 45197
1549820776035	mozrunner::runner	INFO	Running command: "/usr/bin/firefox" "-marionette" "-foreground" "-no-remote" "-profile" "/tmp/rust_mozprofile.0OkWid33lUyB"
1549820776347	addons.webextension.screenshots@mozilla.org	WARN	Loading extension 'screenshots@mozilla.org': Reading manifest: Invalid host permission: resource://pdf.js/
1549820776347	addons.webextension.screenshots@mozilla.org	WARN	Loading extension 'screenshots@mozilla.org': Reading manifest: Invalid host permission: about:reader*

(firefox:4458): Gtk-WARNING **: 18:46:16.641: Theme parsing error: <data>:1:34: Expected ')' in color definition

(firefox:4458): Gtk-WARNING **: 18:46:16.641: Theme parsing error: <data>:1:77: Expected ')' in color definition
1549820777692	Marionette	INFO	Listening on port 43525
1549820777748	Marionette	WARN	TLS certificate errors will be ignored for this session

(/usr/lib/firefox/firefox:4667): dconf-WARNING **: 18:47:34.967: Unable to open /var/lib/flatpak/exports/share/dconf/profile/user: Permission denied
console.error: BroadcastService: 
  receivedBroadcastMessage: handler for
  remote-settings/monitor_changes
  threw error:
  Message: Error: Polling for changes failed: NetworkError when attempting to fetch resource..
  Stack:
    remoteSettingsFunction/remoteSettings.pollChanges@resource://services-settings/remote-settings.js:188:13

1549821411694	mozrunner::runner	INFO	Running command: "/usr/bin/firefox" "-marionette" "-foreground" "-no-remote" "-profile" "/tmp/rust_mozprofile.jJm3QSBXGES7"
1549821411998	addons.webextension.screenshots@mozilla.org	WARN	Loading extension 'screenshots@mozilla.org': Reading manifest: Invalid host permission: resource://pdf.js/
1549821411998	addons.webextension.screenshots@mozilla.org	WARN	Loading extension 'screenshots@mozilla.org': Reading manifest: Invalid host permission: about:reader*

(firefox:6330): Gtk-WARNING **: 18:56:52.293: Theme parsing error: <data>:1:34: Expected ')' in color definition

(firefox:6330): Gtk-WARNING **: 18:56:52.293: Theme parsing error: <data>:1:77: Expected ')' in color definition
1549821413238	Marionette	INFO	Listening on port 32923
1549821413303	Marionette	WARN	TLS certificate errors will be ignored for this session
1549821445899	mozrunner::runner	INFO	Running command: "/usr/bin/firefox" "-marionette" "-foreground" "-no-remote" "-profile" "/tmp/rust_mozprofile.tR4uJJAmhK7P"
1549821446211	addons.webextension.screenshots@mozilla.org	WARN	Loading extension 'screenshots@mozilla.org': Reading manifest: Invalid host permission: resource://pdf.js/
1549821446211	addons.webextension.screenshots@mozilla.org	WARN	Loading extension 'screenshots@mozilla.org': Reading manifest: Invalid host permission: about:reader*

(firefox:6747): Gtk-WARNING **: 18:57:26.499: Theme parsing error: <data>:1:34: Expected ')' in color definition

(firefox:6747): Gtk-WARNING **: 18:57:26.499: Theme parsing error: <data>:1:77: Expected ')' in color definition
1549821447551	Marionette	INFO	Listening on port 37843
1549821447604	Marionette	WARN	TLS certificate errors will be ignored for this session
[Parent 6330, Gecko_IOThread] WARNING: pipe error (71): Connection reset by peer: file /build/firefox-HN7tk_/firefox-65.0+build2/ipc/chromium/src/chrome/common/ipc_channel_posix.cc, line 349
[Parent 6330, Gecko_IOThread] WARNING: pipe error (109): Connection reset by peer: file /build/firefox-HN7tk_/firefox-65.0+build2/ipc/chromium/src/chrome/common/ipc_channel_posix.cc, line 349
1549821482396	Marionette	INFO	Stopped listening on port 32923
IPDL protocol error: Handler returned error code!

###!!! [Parent][DispatchAsyncMessage] Error: PLayerTransaction::Msg_ReleaseLayer Processing error: message was deserialized, but the handler returned false (indicating failure)

IPDL protocol error: Handler returned error code!

###!!! [Parent][DispatchAsyncMessage] Error: PLayerTransaction::Msg_ReleaseLayer Processing error: message was deserialized, but the handler returned false (indicating failure)

IPDL protocol error: Handler returned error code!

###!!! [Parent][DispatchAsyncMessage] Error: PLayerTransaction::Msg_ReleaseLayer Processing error: message was deserialized, but the handler returned false (indicating failure)

IPDL protocol error: Handler returned error code!

###!!! [Parent][DispatchAsyncMessage] Error: PLayerTransaction::Msg_ReleaseLayer Processing error: message was deserialized, but the handler returned false (indicating failure)

IPDL protocol error: Handler returned error code!

###!!! [Parent][DispatchAsyncMessage] Error: PLayerTransaction::Msg_ReleaseLayer Processing error: message was deserialized, but the handler returned false (indicating failure)

[Parent 4458, Gecko_IOThread] WARNING: pipe error (79): Connection reset by peer: file /build/firefox-HN7tk_/firefox-65.0+build2/ipc/chromium/src/chrome/common/ipc_channel_posix.cc, line 349
[Parent 4458, Gecko_IOThread] WARNING: pipe error (71): Connection reset by peer: file /build/firefox-HN7tk_/firefox-65.0+build2/ipc/chromium/src/chrome/common/ipc_channel_posix.cc, line 349
1549821483741	Marionette	INFO	Stopped listening on port 43525

(/usr/lib/firefox/firefox:6911): dconf-WARNING **: 18:58:06.708: Unable to open /var/lib/flatpak/exports/share/dconf/profile/user: Permission denied
console.error: BroadcastService: 
  receivedBroadcastMessage: handler for
  remote-settings/monitor_changes
  threw error:
  Message: Error: Polling for changes failed: NetworkError when attempting to fetch resource..
  Stack:
    remoteSettingsFunction/remoteSettings.pollChanges@resource://services-settings/remote-settings.js:188:13

[Parent 380, Gecko_IOThread] WARNING: pipe error (71): Connection reset by peer: file /build/firefox-HN7tk_/firefox-65.0+build2/ipc/chromium/src/chrome/common/ipc_channel_posix.cc, line 349
[Parent 380, Gecko_IOThread] WARNING: pipe error (84): Connection reset by peer: file /build/firefox-HN7tk_/firefox-65.0+build2/ipc/chromium/src/chrome/common/ipc_channel_posix.cc, line 349
[Parent 380, Gecko_IOThread] WARNING: pipe error (111): Connection reset by peer: file /build/firefox-HN7tk_/firefox-65.0+build2/ipc/chromium/src/chrome/common/ipc_channel_posix.cc, line 349
1549821684007	Marionette	INFO	Stopped listening on port 36261
1549821751970	mozrunner::runner	INFO	Running command: "/usr/bin/firefox" "-marionette" "-foreground" "-no-remote" "-profile" "/tmp/rust_mozprofile.m2ZESHKbODRN"
1549821752249	addons.webextension.screenshots@mozilla.org	WARN	Loading extension 'screenshots@mozilla.org': Reading manifest: Invalid host permission: resource://pdf.js/
1549821752249	addons.webextension.screenshots@mozilla.org	WARN	Loading extension 'screenshots@mozilla.org': Reading manifest: Invalid host permission: about:reader*

(firefox:7855): Gtk-WARNING **: 19:02:32.508: Theme parsing error: <data>:1:34: Expected ')' in color definition

(firefox:7855): Gtk-WARNING **: 19:02:32.508: Theme parsing error: <data>:1:77: Expected ')' in color definition
1549821753522	Marionette	INFO	Listening on port 39253
1549821753575	Marionette	WARN	TLS certificate errors will be ignored for this session
1549821812028	mozrunner::runner	INFO	Running command: "/usr/bin/firefox" "-marionette" "-foreground" "-no-remote" "-profile" "/tmp/rust_mozprofile.dKyL5Gn7ioAC"
1549821812310	addons.webextension.screenshots@mozilla.org	WARN	Loading extension 'screenshots@mozilla.org': Reading manifest: Invalid host permission: resource://pdf.js/
1549821812310	addons.webextension.screenshots@mozilla.org	WARN	Loading extension 'screenshots@mozilla.org': Reading manifest: Invalid host permission: about:reader*

(firefox:8444): Gtk-WARNING **: 19:03:32.613: Theme parsing error: <data>:1:34: Expected ')' in color definition

(firefox:8444): Gtk-WARNING **: 19:03:32.613: Theme parsing error: <data>:1:77: Expected ')' in color definition
1549821813600	Marionette	INFO	Listening on port 39255
1549821813636	Marionette	WARN	TLS certificate errors will be ignored for this session
1549821857265	mozrunner::runner	INFO	Running command: "/usr/bin/firefox" "-marionette" "-foreground" "-no-remote" "-profile" "/tmp/rust_mozprofile.VNcPP2wPws1B"
1549821857544	addons.webextension.screenshots@mozilla.org	WARN	Loading extension 'screenshots@mozilla.org': Reading manifest: Invalid host permission: resource://pdf.js/
1549821857545	addons.webextension.screenshots@mozilla.org	WARN	Loading extension 'screenshots@mozilla.org': Reading manifest: Invalid host permission: about:reader*

(firefox:8943): Gtk-WARNING **: 19:04:17.824: Theme parsing error: <data>:1:34: Expected ')' in color definition

(firefox:8943): Gtk-WARNING **: 19:04:17.824: Theme parsing error: <data>:1:77: Expected ')' in color definition
1549821858797	Marionette	INFO	Listening on port 33697
1549821858872	Marionette	WARN	TLS certificate errors will be ignored for this session
1549821907290	mozrunner::runner	INFO	Running command: "/usr/bin/firefox" "-marionette" "-foreground" "-no-remote" "-profile" "/tmp/rust_mozprofile.P1qr5kYn3AdN"
1549821907572	addons.webextension.screenshots@mozilla.org	WARN	Loading extension 'screenshots@mozilla.org': Reading manifest: Invalid host permission: resource://pdf.js/
1549821907572	addons.webextension.screenshots@mozilla.org	WARN	Loading extension 'screenshots@mozilla.org': Reading manifest: Invalid host permission: about:reader*

(firefox:9385): Gtk-WARNING **: 19:05:07.840: Theme parsing error: <data>:1:34: Expected ')' in color definition

(firefox:9385): Gtk-WARNING **: 19:05:07.840: Theme parsing error: <data>:1:77: Expected ')' in color definition
1549821908861	Marionette	INFO	Listening on port 44813
1549821908895	Marionette	WARN	TLS certificate errors will be ignored for this session
Exiting due to channel error.
Exiting due to channel error.
Exiting due to channel error.
1549821973769	mozrunner::runner	INFO	Running command: "/usr/bin/firefox" "-marionette" "-foreground" "-no-remote" "-profile" "/tmp/rust_mozprofile.OBUNsflTUYdU"
1549821974051	addons.webextension.screenshots@mozilla.org	WARN	Loading extension 'screenshots@mozilla.org': Reading manifest: Invalid host permission: resource://pdf.js/
1549821974051	addons.webextension.screenshots@mozilla.org	WARN	Loading extension 'screenshots@mozilla.org': Reading manifest: Invalid host permission: about:reader*

(firefox:9928): Gtk-WARNING **: 19:06:14.339: Theme parsing error: <data>:1:34: Expected ')' in color definition

(firefox:9928): Gtk-WARNING **: 19:06:14.339: Theme parsing error: <data>:1:77: Expected ')' in color definition
1549821975348	Marionette	INFO	Listening on port 41381
1549821975374	Marionette	WARN	TLS certificate errors will be ignored for this session
console.error: BroadcastService: 
  receivedBroadcastMessage: handler for
  remote-settings/monitor_changes
  threw error:
  Message: Error: Polling for changes failed: NetworkError when attempting to fetch resource..
  Stack:
    remoteSettingsFunction/remoteSettings.pollChanges@resource://services-settings/remote-settings.js:188:13

console.error: BroadcastService: 
console.error: BroadcastService: 
console.error: BroadcastService: 
  receivedBroadcastMessage: handler for
  remote-settings/monitor_changes
  threw error:
  Message: Error: Polling for changes failed: NetworkError when attempting to fetch resource..
  Stack:
    remoteSettingsFunction/remoteSettings.pollChanges@resource://services-settings/remote-settings.js:188:13

  receivedBroadcastMessage: handler for
  receivedBroadcastMessage: handler for
  remote-settings/monitor_changes
  remote-settings/monitor_changes
  threw error:
  threw error:
  Message: Error: Polling for changes failed: NetworkError when attempting to fetch resource..
  Stack:
    remoteSettingsFunction/remoteSettings.pollChanges@resource://services-settings/remote-settings.js:188:13

  Message: Error: Polling for changes failed: NetworkError when attempting to fetch resource..
  Stack:
    remoteSettingsFunction/remoteSettings.pollChanges@resource://services-settings/remote-settings.js:188:13

Exiting due to channel error.
Exiting due to channel error.
Exiting due to channel error.
1549822139661	mozrunner::runner	INFO	Running command: "/usr/bin/firefox" "-marionette" "-foreground" "-no-remote" "-profile" "/tmp/rust_mozprofile.k565YD6ALVAr"
1549822139948	addons.webextension.screenshots@mozilla.org	WARN	Loading extension 'screenshots@mozilla.org': Reading manifest: Invalid host permission: resource://pdf.js/
1549822139949	addons.webextension.screenshots@mozilla.org	WARN	Loading extension 'screenshots@mozilla.org': Reading manifest: Invalid host permission: about:reader*

(firefox:10603): Gtk-WARNING **: 19:09:00.229: Theme parsing error: <data>:1:34: Expected ')' in color definition

(firefox:10603): Gtk-WARNING **: 19:09:00.229: Theme parsing error: <data>:1:77: Expected ')' in color definition
1549822141208	Marionette	INFO	Listening on port 39165
1549822141266	Marionette	WARN	TLS certificate errors will be ignored for this session
Exiting due to channel error.
[GFX1-]: Receive IPC close with reason=AbnormalShutdown
Exiting due to channel error.
Exiting due to channel error.
1549822163890	mozrunner::runner	INFO	Running command: "/usr/bin/firefox" "-marionette" "-foreground" "-no-remote" "-profile" "/tmp/rust_mozprofile.SkO0tdAvLkcN"
1549822164173	addons.webextension.screenshots@mozilla.org	WARN	Loading extension 'screenshots@mozilla.org': Reading manifest: Invalid host permission: resource://pdf.js/
1549822164173	addons.webextension.screenshots@mozilla.org	WARN	Loading extension 'screenshots@mozilla.org': Reading manifest: Invalid host permission: about:reader*

(firefox:10985): Gtk-WARNING **: 19:09:24.465: Theme parsing error: <data>:1:34: Expected ')' in color definition

(firefox:10985): Gtk-WARNING **: 19:09:24.465: Theme parsing error: <data>:1:77: Expected ')' in color definition
1549822165448	Marionette	INFO	Listening on port 35001
1549822165496	Marionette	WARN	TLS certificate errors will be ignored for this session
console.error: BroadcastService: 
  receivedBroadcastMessage: handler for
  remote-settings/monitor_changes
  threw error:
  Message: Error: Polling for changes failed: NetworkError when attempting to fetch resource..
  Stack:
    remoteSettingsFunction/remoteSettings.pollChanges@resource://services-settings/remote-settings.js:188:13

Exiting due to channel error.
Exiting due to channel error.
Exiting due to channel error.
1549822457921	mozrunner::runner	INFO	Running command: "/usr/bin/firefox" "-marionette" "-foreground" "-no-remote" "-profile" "/tmp/rust_mozprofile.SDzCvoIUPBLu"
1549822458208	addons.webextension.screenshots@mozilla.org	WARN	Loading extension 'screenshots@mozilla.org': Reading manifest: Invalid host permission: resource://pdf.js/
1549822458208	addons.webextension.screenshots@mozilla.org	WARN	Loading extension 'screenshots@mozilla.org': Reading manifest: Invalid host permission: about:reader*

(firefox:12093): Gtk-WARNING **: 19:14:18.490: Theme parsing error: <data>:1:34: Expected ')' in color definition

(firefox:12093): Gtk-WARNING **: 19:14:18.490: Theme parsing error: <data>:1:77: Expected ')' in color definition
1549822459515	Marionette	INFO	Listening on port 45019
1549822459528	Marionette	WARN	TLS certificate errors will be ignored for this session
[Parent 6747, Gecko_IOThread] WARNING: pipe error (79): Connection reset by peer: file /build/firefox-HN7tk_/firefox-65.0+build2/ipc/chromium/src/chrome/common/ipc_channel_posix.cc, line 349
[Parent 6747, Gecko_IOThread] WARNING: pipe error (110): Connection reset by peer: file /build/firefox-HN7tk_/firefox-65.0+build2/ipc/chromium/src/chrome/common/ipc_channel_posix.cc, line 349
[Parent 6747, Gecko_IOThread] WARNING: pipe error (130): Connection reset by peer: file /build/firefox-HN7tk_/firefox-65.0+build2/ipc/chromium/src/chrome/common/ipc_channel_posix.cc, line 349
1549822481612	Marionette	INFO	Stopped listening on port 37843
[Parent 8943, Gecko_IOThread] WARNING: pipe error (110): Connection reset by peer: file /build/firefox-HN7tk_/firefox-65.0+build2/ipc/chromium/src/chrome/common/ipc_channel_posix.cc, line 349
[Parent 8943, Gecko_IOThread] WARNING: pipe error (71): Connection reset by peer: file /build/firefox-HN7tk_/firefox-65.0+build2/ipc/chromium/src/chrome/common/ipc_channel_posix.cc, line 349
1549822484677	Marionette	INFO	Stopped listening on port 33697
[Parent 8444, Gecko_IOThread] WARNING: pipe error (79): Connection reset by peer: file /build/firefox-HN7tk_/firefox-65.0+build2/ipc/chromium/src/chrome/common/ipc_channel_posix.cc, line 349
[Parent 8444, Gecko_IOThread] WARNING: pipe error (96): Connection reset by peer: file /build/firefox-HN7tk_/firefox-65.0+build2/ipc/chromium/src/chrome/common/ipc_channel_posix.cc, line 349
1549822485703	Marionette	INFO	Stopped listening on port 39255
[Parent 7855, Gecko_IOThread] WARNING: pipe error (79): Connection reset by peer: file /build/firefox-HN7tk_/firefox-65.0+build2/ipc/chromium/src/chrome/common/ipc_channel_posix.cc, line 349
[Parent 7855, Gecko_IOThread] WARNING: pipe error (100): Connection reset by peer: file /build/firefox-HN7tk_/firefox-65.0+build2/ipc/chromium/src/chrome/common/ipc_channel_posix.cc, line 349
1549822486488	Marionette	INFO	Stopped listening on port 39253
[Parent 12093, Gecko_IOThread] WARNING: pipe error (71): Connection reset by peer: file /build/firefox-HN7tk_/firefox-65.0+build2/ipc/chromium/src/chrome/common/ipc_channel_posix.cc, line 349
[Parent 12093, Gecko_IOThread] WARNING: pipe error (72): Connection reset by peer: file /build/firefox-HN7tk_/firefox-65.0+build2/ipc/chromium/src/chrome/common/ipc_channel_posix.cc, line 349
1549822491864	Marionette	INFO	Stopped listening on port 45019
1549822527759	mozrunner::runner	INFO	Running command: "/usr/bin/firefox" "-marionette" "-foreground" "-no-remote" "-profile" "/tmp/rust_mozprofile.ZkeyMpb16Nvt"
1549822528079	addons.webextension.screenshots@mozilla.org	WARN	Loading extension 'screenshots@mozilla.org': Reading manifest: Invalid host permission: resource://pdf.js/
1549822528079	addons.webextension.screenshots@mozilla.org	WARN	Loading extension 'screenshots@mozilla.org': Reading manifest: Invalid host permission: about:reader*

(firefox:12696): Gtk-WARNING **: 19:15:28.381: Theme parsing error: <data>:1:34: Expected ')' in color definition

(firefox:12696): Gtk-WARNING **: 19:15:28.381: Theme parsing error: <data>:1:77: Expected ')' in color definition
1549822529348	Marionette	INFO	Listening on port 35465
1549822529371	Marionette	WARN	TLS certificate errors will be ignored for this session
1549822578317	mozrunner::runner	INFO	Running command: "/usr/bin/firefox" "-marionette" "-foreground" "-no-remote" "-profile" "/tmp/rust_mozprofile.YNZIeF8KZgSz"
1549822578602	addons.webextension.screenshots@mozilla.org	WARN	Loading extension 'screenshots@mozilla.org': Reading manifest: Invalid host permission: resource://pdf.js/
1549822578602	addons.webextension.screenshots@mozilla.org	WARN	Loading extension 'screenshots@mozilla.org': Reading manifest: Invalid host permission: about:reader*

(firefox:13160): Gtk-WARNING **: 19:16:18.911: Theme parsing error: <data>:1:34: Expected ')' in color definition

(firefox:13160): Gtk-WARNING **: 19:16:18.911: Theme parsing error: <data>:1:77: Expected ')' in color definition
1549822579916	Marionette	INFO	Listening on port 35119
1549822579925	Marionette	WARN	TLS certificate errors will be ignored for this session
console.error: BroadcastService: 
  receivedBroadcastMessage: handler for
  remote-settings/monitor_changes
  threw error:
  Message: Error: Polling for changes failed: NetworkError when attempting to fetch resource..
  Stack:
    remoteSettingsFunction/remoteSettings.pollChanges@resource://services-settings/remote-settings.js:188:13

console.error: BroadcastService: 
  receivedBroadcastMessage: handler for
  remote-settings/monitor_changes
  threw error:
  Message: Error: Polling for changes failed: NetworkError when attempting to fetch resource..
  Stack:
    remoteSettingsFunction/remoteSettings.pollChanges@resource://services-settings/remote-settings.js:188:13

Exiting due to channel error.
[Child 13339, Chrome_ChildThread] WARNING: pipe error (3): Connection reset by peer: file /build/firefox-HN7tk_/firefox-65.0+build2/ipc/chromium/src/chrome/common/ipc_channel_posix.cc, line 349
Exiting due to channel error.
Exiting due to channel error.
1549822704021	mozrunner::runner	INFO	Running command: "/usr/bin/firefox" "-marionette" "-foreground" "-no-remote" "-profile" "/tmp/rust_mozprofile.4znKUI60kCoj"
1549822704304	addons.webextension.screenshots@mozilla.org	WARN	Loading extension 'screenshots@mozilla.org': Reading manifest: Invalid host permission: resource://pdf.js/
1549822704304	addons.webextension.screenshots@mozilla.org	WARN	Loading extension 'screenshots@mozilla.org': Reading manifest: Invalid host permission: about:reader*

(firefox:13725): Gtk-WARNING **: 19:18:24.581: Theme parsing error: <data>:1:34: Expected ')' in color definition

(firefox:13725): Gtk-WARNING **: 19:18:24.581: Theme parsing error: <data>:1:77: Expected ')' in color definition
1549822705578	Marionette	INFO	Listening on port 36405
1549822705626	Marionette	WARN	TLS certificate errors will be ignored for this session
Exiting due to channel error.
Exiting due to channel error.
Exiting due to channel error.
1549822716288	mozrunner::runner	INFO	Running command: "/usr/bin/firefox" "-marionette" "-foreground" "-no-remote" "-profile" "/tmp/rust_mozprofile.gQL3BsOBbQfU"
1549822716565	addons.webextension.screenshots@mozilla.org	WARN	Loading extension 'screenshots@mozilla.org': Reading manifest: Invalid host permission: resource://pdf.js/
1549822716565	addons.webextension.screenshots@mozilla.org	WARN	Loading extension 'screenshots@mozilla.org': Reading manifest: Invalid host permission: about:reader*

(firefox:14084): Gtk-WARNING **: 19:18:36.831: Theme parsing error: <data>:1:34: Expected ')' in color definition

(firefox:14084): Gtk-WARNING **: 19:18:36.831: Theme parsing error: <data>:1:77: Expected ')' in color definition
1549822717853	Marionette	INFO	Listening on port 34479
1549822717898	Marionette	WARN	TLS certificate errors will be ignored for this session
Exiting due to channel error.
[Child 14258, Chrome_ChildThread] WARNING: pipe error (54): Connection reset by peer: file /build/firefox-HN7tk_/firefox-65.0+build2/ipc/chromium/src/chrome/common/ipc_channel_posix.cc, line 349
Exiting due to channel error.
[Child 14258, Chrome_ChildThread] WARNING: pipe error (3): Connection reset by peer: file /build/firefox-HN7tk_/firefox-65.0+build2/ipc/chromium/src/chrome/common/ipc_channel_posix.cc, line 349
Exiting due to channel error.
1549822910046	mozrunner::runner	INFO	Running command: "/usr/bin/firefox" "-marionette" "-foreground" "-no-remote" "-profile" "/tmp/rust_mozprofile.3tAKKvZol1Kx"
1549822910324	addons.webextension.screenshots@mozilla.org	WARN	Loading extension 'screenshots@mozilla.org': Reading manifest: Invalid host permission: resource://pdf.js/
1549822910324	addons.webextension.screenshots@mozilla.org	WARN	Loading extension 'screenshots@mozilla.org': Reading manifest: Invalid host permission: about:reader*

(firefox:14820): Gtk-WARNING **: 19:21:50.609: Theme parsing error: <data>:1:34: Expected ')' in color definition

(firefox:14820): Gtk-WARNING **: 19:21:50.609: Theme parsing error: <data>:1:77: Expected ')' in color definition
1549822911609	Marionette	INFO	Listening on port 35229
1549822911652	Marionette	WARN	TLS certificate errors will be ignored for this session
Exiting due to channel error.
Exiting due to channel error.
Exiting due to channel error.
1549822949077	mozrunner::runner	INFO	Running command: "/usr/bin/firefox" "-marionette" "-foreground" "-no-remote" "-profile" "/tmp/rust_mozprofile.ru8WicFj1yn8"
1549822949384	addons.webextension.screenshots@mozilla.org	WARN	Loading extension 'screenshots@mozilla.org': Reading manifest: Invalid host permission: resource://pdf.js/
1549822949384	addons.webextension.screenshots@mozilla.org	WARN	Loading extension 'screenshots@mozilla.org': Reading manifest: Invalid host permission: about:reader*

(firefox:15261): Gtk-WARNING **: 19:22:29.667: Theme parsing error: <data>:1:34: Expected ')' in color definition

(firefox:15261): Gtk-WARNING **: 19:22:29.667: Theme parsing error: <data>:1:77: Expected ')' in color definition
1549822950726	Marionette	INFO	Listening on port 35977
1549822950788	Marionette	WARN	TLS certificate errors will be ignored for this session
console.error: BroadcastService: 
  receivedBroadcastMessage: handler for
  remote-settings/monitor_changes
  threw error:
  Message: Error: Polling for changes failed: NetworkError when attempting to fetch resource..
  Stack:
    remoteSettingsFunction/remoteSettings.pollChanges@resource://services-settings/remote-settings.js:188:13

1549823174180	mozrunner::runner	INFO	Running command: "/usr/bin/firefox" "-marionette" "-foreground" "-no-remote" "-profile" "/tmp/rust_mozprofile.ghq0TsXumdbn"
1549823174469	addons.webextension.screenshots@mozilla.org	WARN	Loading extension 'screenshots@mozilla.org': Reading manifest: Invalid host permission: resource://pdf.js/
1549823174469	addons.webextension.screenshots@mozilla.org	WARN	Loading extension 'screenshots@mozilla.org': Reading manifest: Invalid host permission: about:reader*

(firefox:16106): Gtk-WARNING **: 19:26:14.767: Theme parsing error: <data>:1:34: Expected ')' in color definition

(firefox:16106): Gtk-WARNING **: 19:26:14.767: Theme parsing error: <data>:1:77: Expected ')' in color definition
1549823175769	Marionette	INFO	Listening on port 46747
1549823175796	Marionette	WARN	TLS certificate errors will be ignored for this session
console.error: BroadcastService: 
  receivedBroadcastMessage: handler for
  remote-settings/monitor_changes
  threw error:
  Message: Error: Polling for changes failed: NetworkError when attempting to fetch resource..
  Stack:
    remoteSettingsFunction/remoteSettings.pollChanges@resource://services-settings/remote-settings.js:188:13

1549823457555	mozrunner::runner	INFO	Running command: "/usr/bin/firefox" "-marionette" "-foreground" "-no-remote" "-profile" "/tmp/rust_mozprofile.87NpKDdaQ2Ul"
1549823457833	addons.webextension.screenshots@mozilla.org	WARN	Loading extension 'screenshots@mozilla.org': Reading manifest: Invalid host permission: resource://pdf.js/
1549823457833	addons.webextension.screenshots@mozilla.org	WARN	Loading extension 'screenshots@mozilla.org': Reading manifest: Invalid host permission: about:reader*

(firefox:17134): Gtk-WARNING **: 19:30:58.085: Theme parsing error: <data>:1:34: Expected ')' in color definition

(firefox:17134): Gtk-WARNING **: 19:30:58.085: Theme parsing error: <data>:1:77: Expected ')' in color definition
1549823459035	Marionette	INFO	Listening on port 43419
1549823459064	Marionette	WARN	TLS certificate errors will be ignored for this session
[Parent 17134, Gecko_IOThread] WARNING: pipe error (71): Connection reset by peer: file /build/firefox-HN7tk_/firefox-65.0+build2/ipc/chromium/src/chrome/common/ipc_channel_posix.cc, line 349
[Parent 17134, Gecko_IOThread] WARNING: pipe error (109): Connection reset by peer: file /build/firefox-HN7tk_/firefox-65.0+build2/ipc/chromium/src/chrome/common/ipc_channel_posix.cc, line 349
1549823481083	Marionette	INFO	Stopped listening on port 43419
1549823484752	Marionette	INFO	Stopped listening on port 35977
IPDL protocol error: Handler returned error code!

###!!! [Parent][DispatchAsyncMessage] Error: PLayerTransaction::Msg_ReleaseLayer Processing error: message was deserialized, but the handler returned false (indicating failure)

IPDL protocol error: Handler returned error code!

###!!! [Parent][DispatchAsyncMessage] Error: PLayerTransaction::Msg_ReleaseLayer Processing error: message was deserialized, but the handler returned false (indicating failure)

IPDL protocol error: Handler returned error code!

###!!! [Parent][DispatchAsyncMessage] Error: PLayerTransaction::Msg_ReleaseLayer Processing error: message was deserialized, but the handler returned false (indicating failure)

IPDL protocol error: Handler returned error code!

###!!! [Parent][DispatchAsyncMessage] Error: PLayerTransaction::Msg_ReleaseLayer Processing error: message was deserialized, but the handler returned false (indicating failure)

IPDL protocol error: Handler returned error code!

###!!! [Parent][DispatchAsyncMessage] Error: PLayerTransaction::Msg_ReleaseLayer Processing error: message was deserialized, but the handler returned false (indicating failure)

[Parent 12696, Gecko_IOThread] WARNING: pipe error (71): Connection reset by peer: file /build/firefox-HN7tk_/firefox-65.0+build2/ipc/chromium/src/chrome/common/ipc_channel_posix.cc, line 349
[Parent 12696, Gecko_IOThread] WARNING: pipe error (82): Connection reset by peer: file /build/firefox-HN7tk_/firefox-65.0+build2/ipc/chromium/src/chrome/common/ipc_channel_posix.cc, line 349
1549823485859	Marionette	INFO	Stopped listening on port 35465
[Parent 16106, Gecko_IOThread] WARNING: pipe error (79): Connection reset by peer: file /build/firefox-HN7tk_/firefox-65.0+build2/ipc/chromium/src/chrome/common/ipc_channel_posix.cc, line 349
[Parent 16106, Gecko_IOThread] WARNING: pipe error (71): Connection reset by peer: file /build/firefox-HN7tk_/firefox-65.0+build2/ipc/chromium/src/chrome/common/ipc_channel_posix.cc, line 349
1549823487954	Marionette	INFO	Stopped listening on port 46747
1549823497098	mozrunner::runner	INFO	Running command: "/usr/bin/firefox" "-marionette" "-foreground" "-no-remote" "-profile" "/tmp/rust_mozprofile.fcJX6PrcX7yb"
1549823497379	addons.webextension.screenshots@mozilla.org	WARN	Loading extension 'screenshots@mozilla.org': Reading manifest: Invalid host permission: resource://pdf.js/
1549823497379	addons.webextension.screenshots@mozilla.org	WARN	Loading extension 'screenshots@mozilla.org': Reading manifest: Invalid host permission: about:reader*

(firefox:17614): Gtk-WARNING **: 19:31:37.653: Theme parsing error: <data>:1:34: Expected ')' in color definition

(firefox:17614): Gtk-WARNING **: 19:31:37.653: Theme parsing error: <data>:1:77: Expected ')' in color definition
1549823498690	Marionette	INFO	Listening on port 34047
1549823498704	Marionette	WARN	TLS certificate errors will be ignored for this session
[Parent 17614, Gecko_IOThread] WARNING: pipe error (96): Connection reset by peer: file /build/firefox-HN7tk_/firefox-65.0+build2/ipc/chromium/src/chrome/common/ipc_channel_posix.cc, line 349
1549823521500	Marionette	INFO	Stopped listening on port 34047
1549823525881	mozrunner::runner	INFO	Running command: "/usr/bin/firefox" "-marionette" "-foreground" "-no-remote" "-profile" "/tmp/rust_mozprofile.D8sNJsHkNlIL"
1549823526170	addons.webextension.screenshots@mozilla.org	WARN	Loading extension 'screenshots@mozilla.org': Reading manifest: Invalid host permission: resource://pdf.js/
1549823526171	addons.webextension.screenshots@mozilla.org	WARN	Loading extension 'screenshots@mozilla.org': Reading manifest: Invalid host permission: about:reader*

(firefox:18032): Gtk-WARNING **: 19:32:06.451: Theme parsing error: <data>:1:34: Expected ')' in color definition

(firefox:18032): Gtk-WARNING **: 19:32:06.451: Theme parsing error: <data>:1:77: Expected ')' in color definition
1549823527464	Marionette	INFO	Listening on port 46165
1549823527487	Marionette	WARN	TLS certificate errors will be ignored for this session
Exiting due to channel error.
Exiting due to channel error.
Exiting due to channel error.
1549823637120	mozrunner::runner	INFO	Running command: "/usr/bin/firefox" "-marionette" "-foreground" "-no-remote" "-profile" "/tmp/rust_mozprofile.fxXBRvLcGaAL"
1549823637399	addons.webextension.screenshots@mozilla.org	WARN	Loading extension 'screenshots@mozilla.org': Reading manifest: Invalid host permission: resource://pdf.js/
1549823637399	addons.webextension.screenshots@mozilla.org	WARN	Loading extension 'screenshots@mozilla.org': Reading manifest: Invalid host permission: about:reader*

(firefox:18666): Gtk-WARNING **: 19:33:57.687: Theme parsing error: <data>:1:34: Expected ')' in color definition

(firefox:18666): Gtk-WARNING **: 19:33:57.687: Theme parsing error: <data>:1:77: Expected ')' in color definition
1549823638640	Marionette	INFO	Listening on port 36109
1549823638729	Marionette	WARN	TLS certificate errors will be ignored for this session
Exiting due to channel error.
Exiting due to channel error.
Exiting due to channel error.
1549823658616	mozrunner::runner	INFO	Running command: "/usr/bin/firefox" "-marionette" "-foreground" "-no-remote" "-profile" "/tmp/rust_mozprofile.1T975bmE0qBw"
1549823658903	addons.webextension.screenshots@mozilla.org	WARN	Loading extension 'screenshots@mozilla.org': Reading manifest: Invalid host permission: resource://pdf.js/
1549823658903	addons.webextension.screenshots@mozilla.org	WARN	Loading extension 'screenshots@mozilla.org': Reading manifest: Invalid host permission: about:reader*

(firefox:19063): Gtk-WARNING **: 19:34:19.203: Theme parsing error: <data>:1:34: Expected ')' in color definition

(firefox:19063): Gtk-WARNING **: 19:34:19.203: Theme parsing error: <data>:1:77: Expected ')' in color definition
1549823660137	Marionette	INFO	Listening on port 37009
1549823660220	Marionette	WARN	TLS certificate errors will be ignored for this session
console.error: BroadcastService: 
  receivedBroadcastMessage: handler for
  remote-settings/monitor_changes
  threw error:
  Message: Error: Polling for changes failed: NetworkError when attempting to fetch resource..
  Stack:
    remoteSettingsFunction/remoteSettings.pollChanges@resource://services-settings/remote-settings.js:188:13

